# Logfile created on Fri Feb 09 01:26:33 +0100 2007 by logger.rb/1.5.2.9
  [4;36;1mParty Load (0.097149)[0m   [0;1mSELECT * FROM parties [0m
  [4;35;1mMember Load (0.033041)[0m   [0mSELECT * FROM members [0m


Processing HomeController#index (for 127.0.0.1 at 2007-04-13 20:35:58) [GET]
  Session ID: 257239b79921d30d60652764b2bcc309
  Parameters: {"action"=>"index", "controller"=>"home"}
Redirected to http://localhost:3000/account/login
Filter chain halted as [authenticate] returned false
Completed in 0.00010 (10000 reqs/sec) | 302 Found [http://localhost/home]


Processing AccountController#login (for 127.0.0.1 at 2007-04-13 20:35:58) [GET]
  Session ID: 257239b79921d30d60652764b2bcc309
  Parameters: {"action"=>"login", "controller"=>"account"}
Rendering  within layouts/plain
Rendering account/login
Completed in 0.01600 (62 reqs/sec) | Rendering: 0.01600 (100%) | 200 OK [http://localhost/account/login]


Processing AccountController#login (for 127.0.0.1 at 2007-04-13 20:36:03) [POST]
  Session ID: 257239b79921d30d60652764b2bcc309
  Parameters: {"user_login"=>"alva", "action"=>"login", "controller"=>"account", "user_password"=>"alva111", "login"=>"Login \302\273"}


MissingSourceFile (no such file to load -- postgres):
    c:/ruby/lib/ruby/site_ruby/1.8/rubygems/custom_require.rb:27:in `gem_original_require'
    c:/ruby/lib/ruby/site_ruby/1.8/rubygems/custom_require.rb:27:in `require'
    c:/ruby/lib/ruby/gems/1.8/gems/activesupport-1.3.1/lib/active_support/dependencies.rb:147:in `require'
    c:/ruby/lib/ruby/gems/1.8/gems/activesupport-1.3.1/lib/active_support/core_ext/kernel/requires.rb:7:in `require_library_or_gem'
    c:/ruby/lib/ruby/gems/1.8/gems/activesupport-1.3.1/lib/active_support/core_ext/kernel/reporting.rb:11:in `silence_warnings'
    c:/ruby/lib/ruby/gems/1.8/gems/activesupport-1.3.1/lib/active_support/core_ext/kernel/requires.rb:5:in `require_library_or_gem'
    c:/ruby/lib/ruby/gems/1.8/gems/activerecord-1.14.4/lib/active_record/connection_adapters/postgresql_adapter.rb:7:in `postgresql_connection'
    c:/ruby/lib/ruby/gems/1.8/gems/activerecord-1.14.4/lib/active_record/connection_adapters/abstract/connection_specification.rb:251:in `send'
    c:/ruby/lib/ruby/gems/1.8/gems/activerecord-1.14.4/lib/active_record/connection_adapters/abstract/connection_specification.rb:251:in `connection_without_query_cache='
    c:/ruby/lib/ruby/gems/1.8/gems/activerecord-1.14.4/lib/active_record/query_cache.rb:54:in `connection='
    c:/ruby/lib/ruby/gems/1.8/gems/activerecord-1.14.4/lib/active_record/connection_adapters/abstract/connection_specification.rb:220:in `retrieve_connection'
    c:/ruby/lib/ruby/gems/1.8/gems/activerecord-1.14.4/lib/active_record/connection_adapters/abstract/connection_specification.rb:78:in `connection'
    c:/ruby/lib/ruby/gems/1.8/gems/activerecord-1.14.4/lib/active_record/base.rb:1305:in `quote_bound_value'
    c:/ruby/lib/ruby/gems/1.8/gems/activerecord-1.14.4/lib/active_record/base.rb:1287:in `replace_bind_variables'
    c:/ruby/lib/ruby/gems/1.8/gems/activerecord-1.14.4/lib/active_record/base.rb:1287:in `gsub'
    c:/ruby/lib/ruby/gems/1.8/gems/activerecord-1.14.4/lib/active_record/base.rb:1287:in `replace_bind_variables'
    c:/ruby/lib/ruby/gems/1.8/gems/activerecord-1.14.4/lib/active_record/base.rb:1276:in `sanitize_sql'
    c:/ruby/lib/ruby/gems/1.8/gems/activerecord-1.14.4/lib/active_record/base.rb:1062:in `add_conditions!'
    c:/ruby/lib/ruby/gems/1.8/gems/activerecord-1.14.4/lib/active_record/base.rb:1012:in `construct_finder_sql'
    c:/ruby/lib/ruby/gems/1.8/gems/activerecord-1.14.4/lib/active_record/base.rb:924:in `find_every'
    c:/ruby/lib/ruby/gems/1.8/gems/activerecord-1.14.4/lib/active_record/base.rb:918:in `find_initial'
    c:/ruby/lib/ruby/gems/1.8/gems/activerecord-1.14.4/lib/active_record/base.rb:380:in `find'
    c:/ruby/lib/ruby/gems/1.8/gems/activerecord-1.14.4/lib/active_record/deprecated_finders.rb:22:in `find_first'
    /app/models/member.rb:5:in `authenticate'
    /app/controllers/account_controller.rb:14:in `login'
    c:/ruby/lib/ruby/gems/1.8/gems/actionpack-1.12.5/lib/action_controller/base.rb:941:in `send'
    c:/ruby/lib/ruby/gems/1.8/gems/actionpack-1.12.5/lib/action_controller/base.rb:941:in `perform_action_without_filters'
    c:/ruby/lib/ruby/gems/1.8/gems/actionpack-1.12.5/lib/action_controller/filters.rb:368:in `perform_action_without_benchmark'
    c:/ruby/lib/ruby/gems/1.8/gems/actionpack-1.12.5/lib/action_controller/benchmarking.rb:69:in `perform_action_without_rescue'
    c:/ruby/lib/ruby/1.8/benchmark.rb:293:in `measure'
    c:/ruby/lib/ruby/gems/1.8/gems/actionpack-1.12.5/lib/action_controller/benchmarking.rb:69:in `perform_action_without_rescue'
    c:/ruby/lib/ruby/gems/1.8/gems/actionpack-1.12.5/lib/action_controller/rescue.rb:82:in `perform_action'
    c:/ruby/lib/ruby/gems/1.8/gems/actionpack-1.12.5/lib/action_controller/base.rb:408:in `send'
    c:/ruby/lib/ruby/gems/1.8/gems/actionpack-1.12.5/lib/action_controller/base.rb:408:in `process_without_filters'
    c:/ruby/lib/ruby/gems/1.8/gems/actionpack-1.12.5/lib/action_controller/filters.rb:377:in `process_without_session_management_support'
    c:/ruby/lib/ruby/gems/1.8/gems/actionpack-1.12.5/lib/action_controller/session_management.rb:117:in `process'
    c:/ruby/lib/ruby/gems/1.8/gems/rails-1.1.6/lib/dispatcher.rb:38:in `dispatch'
    c:/ruby/lib/ruby/gems/1.8/gems/rails-1.1.6/lib/webrick_server.rb:115:in `handle_dispatch'
    c:/ruby/lib/ruby/gems/1.8/gems/rails-1.1.6/lib/webrick_server.rb:81:in `service'
    c:/ruby/lib/ruby/1.8/webrick/httpserver.rb:104:in `service'
    c:/ruby/lib/ruby/1.8/webrick/httpserver.rb:65:in `run'
    c:/ruby/lib/ruby/1.8/webrick/server.rb:173:in `start_thread'
    c:/ruby/lib/ruby/1.8/webrick/server.rb:162:in `start'
    c:/ruby/lib/ruby/1.8/webrick/server.rb:162:in `start_thread'
    c:/ruby/lib/ruby/1.8/webrick/server.rb:95:in `start'
    c:/ruby/lib/ruby/1.8/webrick/server.rb:92:in `each'
    c:/ruby/lib/ruby/1.8/webrick/server.rb:92:in `start'
    c:/ruby/lib/ruby/1.8/webrick/server.rb:23:in `start'
    c:/ruby/lib/ruby/1.8/webrick/server.rb:82:in `start'
    c:/ruby/lib/ruby/gems/1.8/gems/rails-1.1.6/lib/webrick_server.rb:67:in `dispatch'
    c:/ruby/lib/ruby/gems/1.8/gems/rails-1.1.6/lib/commands/servers/webrick.rb:59
    c:/ruby/lib/ruby/site_ruby/1.8/rubygems/custom_require.rb:27:in `gem_original_require'
    c:/ruby/lib/ruby/site_ruby/1.8/rubygems/custom_require.rb:27:in `require'
    c:/ruby/lib/ruby/gems/1.8/gems/activesupport-1.3.1/lib/active_support/dependencies.rb:147:in `require'
    c:/ruby/lib/ruby/gems/1.8/gems/rails-1.1.6/lib/commands/server.rb:30
    c:/ruby/lib/ruby/site_ruby/1.8/rubygems/custom_require.rb:27:in `gem_original_require'
    c:/ruby/lib/ruby/site_ruby/1.8/rubygems/custom_require.rb:27:in `require'
    c:/ruby/lib/ruby/gems/1.8/gems/activesupport-1.3.1/lib/active_support/dependencies.rb:147:in `require'
    script/server:3


Rendering c:/ruby/lib/ruby/gems/1.8/gems/actionpack-1.12.5/lib/action_controller/templates/rescues/layout.rhtml (500 Internal Error)
